C:\Users\myaki\.jdks\openjdk-15.0.1\bin\java.exe "-javaagent:C:\Program Files\JetBrains\IntelliJ IDEA Community Edition 2020.2.4\lib\idea_rt.jar=52063:C:\Program Files\JetBrains\IntelliJ IDEA Community Edition 2020.2.4\bin" -Dfile.encoding=UTF-8 -classpath C:\Users\myaki\IdeaProjects\dfa\out\production\dfa lab4.Test
************************************************************************************
TEST:
RESULT: true
TREE:
************************************************************************************
TEST: (())
[Строка: (()), Уровень: 0, Баланс: , Состояние: 1 /]
[Строка: ()), Уровень: 1, Баланс: (, Состояние: 1 /]
[Строка: )), Уровень: 2, Баланс: ((, Состояние: 1 /]
[Строка: ), Уровень: 3, Баланс: (, Состояние: 1 /]
RESULT: true
TREE:
	(
		(
		)
	)
************************************************************************************
TEST: (()
[Строка: ((), Уровень: 0, Баланс: , Состояние: 1 /]
[Строка: (), Уровень: 1, Баланс: (, Состояние: 1 /]
RESULT: false
TREE:
	(
		(
		)
************************************************************************************
TEST: ((())()(()))
[Строка: ((())()(())), Уровень: 0, Баланс: , Состояние: 1 /]
[Строка: (())()(())), Уровень: 1, Баланс: (, Состояние: 1 /]
[Строка: ())()(())), Уровень: 2, Баланс: ((, Состояние: 1 /]
[Строка: ))()(())), Уровень: 3, Баланс: (((, Состояние: 1 /]
[Строка: )()(())), Уровень: 4, Баланс: ((, Состояние: 1 /]
[Строка: ()(())), Уровень: 5, Баланс: (, Состояние: 1 /]
[Строка: )(())), Уровень: 6, Баланс: ((, Состояние: 1 /]
[Строка: (())), Уровень: 7, Баланс: (, Состояние: 1 /]
[Строка: ())), Уровень: 8, Баланс: ((, Состояние: 1 /]
[Строка: ))), Уровень: 9, Баланс: (((, Состояние: 1 /]
[Строка: )), Уровень: 10, Баланс: ((, Состояние: 1 /]
[Строка: ), Уровень: 11, Баланс: (, Состояние: 1 /]
RESULT: true
TREE:
	(
		(
			(
			)
		)
		(
		)
		(
			(
			)
		)
	)

Process finished with exit code 0